<?xml version="1.0" encoding="UTF-8"?>
<testsuite xmlns:xsi="http://www.w3.org/2001/XMLSchema-instance" xsi:noNamespaceSchemaLocation="https://maven.apache.org/surefire/maven-surefire-plugin/xsd/surefire-test-report-3.0.xsd" version="3.0" name="com.subsetsum.algorithm.ArrayDPSolverTest$ParameterizedTests" time="0.103" tests="12" errors="0" skipped="0" failures="0">
  <properties>
[...]
</properties>
  <testcase name="parameterizedMethod(TestCase)[1]" classname="com.subsetsum.algorithm.ArrayDPSolverTest$ParameterizedTests" time="0.006"/>
  <testcase name="parameterizedMethod(TestCase)[2]" classname="com.subsetsum.algorithm.ArrayDPSolverTest$ParameterizedTests" time="0.006"/>
  <testcase name="parameterizedMethod(TestCase)[3]" classname="com.subsetsum.algorithm.ArrayDPSolverTest$ParameterizedTests" time="0.007"/>
  <testcase name="parameterizedMethod(TestCase)[4]" classname="com.subsetsum.algorithm.ArrayDPSolverTest$ParameterizedTests" time="0.007"/>
  <testcase name="parameterizedMethod(TestCase)[5]" classname="com.subsetsum.algorithm.ArrayDPSolverTest$ParameterizedTests" time="0.007"/>
  <testcase name="parameterizedCsv(String, int, boolean)[1]" classname="com.subsetsum.algorithm.ArrayDPSolverTest$ParameterizedTests" time="0.008"/>
  <testcase name="parameterizedCsv(String, int, boolean)[2]" classname="com.subsetsum.algorithm.ArrayDPSolverTest$ParameterizedTests" time="0.008"/>
  <testcase name="parameterizedCsv(String, int, boolean)[3]" classname="com.subsetsum.algorithm.ArrayDPSolverTest$ParameterizedTests" time="0.007"/>
  <testcase name="parameterizedCsv(String, int, boolean)[4]" classname="com.subsetsum.algorithm.ArrayDPSolverTest$ParameterizedTests" time="0.007"/>
  <testcase name="parameterizedCsv(String, int, boolean)[5]" classname="com.subsetsum.algorithm.ArrayDPSolverTest$ParameterizedTests" time="0.009"/>
  <testcase name="parameterizedCsv(String, int, boolean)[6]" classname="com.subsetsum.algorithm.ArrayDPSolverTest$ParameterizedTests" time="0.007"/>
  <testcase name="parameterizedCsv(String, int, boolean)[7]" classname="com.subsetsum.algorithm.ArrayDPSolverTest$ParameterizedTests" time="0.007"/>
</testsuite>